ARM GAS  /var/folders/dv/rmwv5dbs4b703h_lvs531f700000gp/T//ccuAsKHX.s 			page 1


   1              		.syntax unified
   2              		.cpu cortex-m3
   3              		.fpu softvfp
   4              		.eabi_attribute 20, 1
   5              		.eabi_attribute 21, 1
   6              		.eabi_attribute 23, 3
   7              		.eabi_attribute 24, 1
   8              		.eabi_attribute 25, 1
   9              		.eabi_attribute 26, 1
  10              		.eabi_attribute 30, 1
  11              		.eabi_attribute 34, 1
  12              		.eabi_attribute 18, 4
  13              		.thumb
  14              		.syntax unified
  15              		.file	"main.c"
  16              		.text
  17              	.Ltext0:
  18              		.cfi_sections	.debug_frame
  19              		.section	.text.MX_GPIO_Init,"ax",%progbits
  20              		.align	2
  21              		.thumb
  22              		.thumb_func
  24              	MX_GPIO_Init:
  25              	.LFB67:
  26              		.file 1 "Src/main.c"
   1:Src/main.c    **** /* USER CODE BEGIN Header */
   2:Src/main.c    **** /**
   3:Src/main.c    ****   ******************************************************************************
   4:Src/main.c    ****   * @file           : main.c
   5:Src/main.c    ****   * @brief          : Main program body
   6:Src/main.c    ****   ******************************************************************************
   7:Src/main.c    ****   * @attention
   8:Src/main.c    ****   *
   9:Src/main.c    ****   * <h2><center>&copy; Copyright (c) 2021 STMicroelectronics.
  10:Src/main.c    ****   * All rights reserved.</center></h2>
  11:Src/main.c    ****   *
  12:Src/main.c    ****   * This software component is licensed by ST under BSD 3-Clause license,
  13:Src/main.c    ****   * the "License"; You may not use this file except in compliance with the
  14:Src/main.c    ****   * License. You may obtain a copy of the License at:
  15:Src/main.c    ****   *                        opensource.org/licenses/BSD-3-Clause
  16:Src/main.c    ****   *
  17:Src/main.c    ****   ******************************************************************************
  18:Src/main.c    ****   */
  19:Src/main.c    **** /* USER CODE END Header */
  20:Src/main.c    **** /* Includes ------------------------------------------------------------------*/
  21:Src/main.c    **** #include "main.h"
  22:Src/main.c    **** #include "key.h"
  23:Src/main.c    **** #include "mujs.h"
  24:Src/main.c    **** #include <stdlib.h>
  25:Src/main.c    **** /* Private includes ----------------------------------------------------------*/
  26:Src/main.c    **** /* USER CODE BEGIN Includes */
  27:Src/main.c    **** 
  28:Src/main.c    **** /* USER CODE END Includes */
  29:Src/main.c    **** 
  30:Src/main.c    **** /* Private typedef -----------------------------------------------------------*/
  31:Src/main.c    **** /* USER CODE BEGIN PTD */
  32:Src/main.c    **** 
ARM GAS  /var/folders/dv/rmwv5dbs4b703h_lvs531f700000gp/T//ccuAsKHX.s 			page 2


  33:Src/main.c    **** /* USER CODE END PTD */
  34:Src/main.c    **** 
  35:Src/main.c    **** /* Private define ------------------------------------------------------------*/
  36:Src/main.c    **** /* USER CODE BEGIN PD */
  37:Src/main.c    **** /* USER CODE END PD */
  38:Src/main.c    **** 
  39:Src/main.c    **** /* Private macro -------------------------------------------------------------*/
  40:Src/main.c    **** /* USER CODE BEGIN PM */
  41:Src/main.c    **** 
  42:Src/main.c    **** /* USER CODE END PM */
  43:Src/main.c    **** 
  44:Src/main.c    **** /* Private variables ---------------------------------------------------------*/
  45:Src/main.c    **** 
  46:Src/main.c    **** /* USER CODE BEGIN PV */
  47:Src/main.c    **** 
  48:Src/main.c    **** /* USER CODE END PV */
  49:Src/main.c    **** 
  50:Src/main.c    **** /* Private function prototypes -----------------------------------------------*/
  51:Src/main.c    **** void SystemClock_Config(void);
  52:Src/main.c    **** static void MX_GPIO_Init(void);
  53:Src/main.c    **** /* USER CODE BEGIN PFP */
  54:Src/main.c    **** 
  55:Src/main.c    **** /* USER CODE END PFP */
  56:Src/main.c    **** 
  57:Src/main.c    **** /* Private user code ---------------------------------------------------------*/
  58:Src/main.c    **** /* USER CODE BEGIN 0 */
  59:Src/main.c    **** 
  60:Src/main.c    **** /* USER CODE END 0 */
  61:Src/main.c    **** 
  62:Src/main.c    **** /**
  63:Src/main.c    ****   * @brief  The application entry point.
  64:Src/main.c    ****   * @retval int
  65:Src/main.c    ****   */
  66:Src/main.c    **** int main(void)
  67:Src/main.c    **** {
  68:Src/main.c    ****   /* USER CODE BEGIN 1 */
  69:Src/main.c    **** 
  70:Src/main.c    ****   /* USER CODE END 1 */
  71:Src/main.c    **** 
  72:Src/main.c    ****   /* MCU Configuration--------------------------------------------------------*/
  73:Src/main.c    **** 
  74:Src/main.c    ****   /* Reset of all peripherals, Initializes the Flash interface and the Systick. */
  75:Src/main.c    ****   HAL_Init();
  76:Src/main.c    **** 
  77:Src/main.c    ****   /* USER CODE BEGIN Init */
  78:Src/main.c    **** 
  79:Src/main.c    ****   /* USER CODE END Init */
  80:Src/main.c    **** 
  81:Src/main.c    ****   /* Configure the system clock */
  82:Src/main.c    ****   SystemClock_Config();
  83:Src/main.c    **** 
  84:Src/main.c    ****   /* USER CODE BEGIN SysInit */
  85:Src/main.c    **** 
  86:Src/main.c    ****   /* USER CODE END SysInit */
  87:Src/main.c    **** 
  88:Src/main.c    ****   /* Initialize all configured peripherals */
  89:Src/main.c    ****   MX_GPIO_Init();
ARM GAS  /var/folders/dv/rmwv5dbs4b703h_lvs531f700000gp/T//ccuAsKHX.s 			page 3


  90:Src/main.c    ****   /* USER CODE BEGIN 2 */
  91:Src/main.c    **** 
  92:Src/main.c    ****   /* USER CODE END 2 */
  93:Src/main.c    **** 
  94:Src/main.c    ****   /* Infinite loop */
  95:Src/main.c    ****   /* USER CODE BEGIN WHILE */
  96:Src/main.c    ****   unsigned char gpios[2];
  97:Src/main.c    ****   js_State *J = js_newstate(NULL, NULL, JS_STRICT);
  98:Src/main.c    ****   while (1)
  99:Src/main.c    ****   {
 100:Src/main.c    ****     Seek_GPIO(gpios);
 101:Src/main.c    ****   }
 102:Src/main.c    ****   /* USER CODE END 3 */
 103:Src/main.c    **** }
 104:Src/main.c    **** 
 105:Src/main.c    **** /**
 106:Src/main.c    ****   * @brief System Clock Configuration
 107:Src/main.c    ****   * @retval None
 108:Src/main.c    ****   */
 109:Src/main.c    **** void SystemClock_Config(void)
 110:Src/main.c    **** {
 111:Src/main.c    ****   RCC_OscInitTypeDef RCC_OscInitStruct = {0};
 112:Src/main.c    ****   RCC_ClkInitTypeDef RCC_ClkInitStruct = {0};
 113:Src/main.c    **** 
 114:Src/main.c    ****   /** Initializes the RCC Oscillators according to the specified parameters
 115:Src/main.c    ****   * in the RCC_OscInitTypeDef structure.
 116:Src/main.c    ****   */
 117:Src/main.c    ****   RCC_OscInitStruct.OscillatorType = RCC_OSCILLATORTYPE_HSI;
 118:Src/main.c    ****   RCC_OscInitStruct.HSIState = RCC_HSI_ON;
 119:Src/main.c    ****   RCC_OscInitStruct.HSICalibrationValue = RCC_HSICALIBRATION_DEFAULT;
 120:Src/main.c    ****   RCC_OscInitStruct.PLL.PLLState = RCC_PLL_NONE;
 121:Src/main.c    ****   if (HAL_RCC_OscConfig(&RCC_OscInitStruct) != HAL_OK)
 122:Src/main.c    ****   {
 123:Src/main.c    ****     Error_Handler();
 124:Src/main.c    ****   }
 125:Src/main.c    ****   /** Initializes the CPU, AHB and APB buses clocks
 126:Src/main.c    ****   */
 127:Src/main.c    ****   RCC_ClkInitStruct.ClockType = RCC_CLOCKTYPE_HCLK|RCC_CLOCKTYPE_SYSCLK
 128:Src/main.c    ****                               |RCC_CLOCKTYPE_PCLK1|RCC_CLOCKTYPE_PCLK2;
 129:Src/main.c    ****   RCC_ClkInitStruct.SYSCLKSource = RCC_SYSCLKSOURCE_HSI;
 130:Src/main.c    ****   RCC_ClkInitStruct.AHBCLKDivider = RCC_SYSCLK_DIV1;
 131:Src/main.c    ****   RCC_ClkInitStruct.APB1CLKDivider = RCC_HCLK_DIV1;
 132:Src/main.c    ****   RCC_ClkInitStruct.APB2CLKDivider = RCC_HCLK_DIV1;
 133:Src/main.c    **** 
 134:Src/main.c    ****   if (HAL_RCC_ClockConfig(&RCC_ClkInitStruct, FLASH_LATENCY_0) != HAL_OK)
 135:Src/main.c    ****   {
 136:Src/main.c    ****     Error_Handler();
 137:Src/main.c    ****   }
 138:Src/main.c    **** }
 139:Src/main.c    **** 
 140:Src/main.c    **** /**
 141:Src/main.c    ****   * @brief GPIO Initialization Function
 142:Src/main.c    ****   * @param None
 143:Src/main.c    ****   * @retval None
 144:Src/main.c    ****   */
 145:Src/main.c    **** static void MX_GPIO_Init(void)
 146:Src/main.c    **** {
ARM GAS  /var/folders/dv/rmwv5dbs4b703h_lvs531f700000gp/T//ccuAsKHX.s 			page 4


  27              		.loc 1 146 0
  28              		.cfi_startproc
  29              		@ args = 0, pretend = 0, frame = 24
  30              		@ frame_needed = 0, uses_anonymous_args = 0
  31 0000 70B5     		push	{r4, r5, r6, lr}
  32              	.LCFI0:
  33              		.cfi_def_cfa_offset 16
  34              		.cfi_offset 4, -16
  35              		.cfi_offset 5, -12
  36              		.cfi_offset 6, -8
  37              		.cfi_offset 14, -4
  38 0002 86B0     		sub	sp, sp, #24
  39              	.LCFI1:
  40              		.cfi_def_cfa_offset 40
 147:Src/main.c    ****   GPIO_InitTypeDef GPIO_InitStruct = {0};
  41              		.loc 1 147 0
  42 0004 0024     		movs	r4, #0
  43 0006 0294     		str	r4, [sp, #8]
  44 0008 0394     		str	r4, [sp, #12]
  45 000a 0494     		str	r4, [sp, #16]
  46 000c 0594     		str	r4, [sp, #20]
  47              	.LBB4:
 148:Src/main.c    **** 
 149:Src/main.c    ****   /* GPIO Ports Clock Enable */
 150:Src/main.c    ****   __HAL_RCC_GPIOE_CLK_ENABLE();
  48              		.loc 1 150 0
  49 000e 124B     		ldr	r3, .L3
  50 0010 9A69     		ldr	r2, [r3, #24]
  51 0012 42F04002 		orr	r2, r2, #64
  52 0016 9A61     		str	r2, [r3, #24]
  53 0018 9B69     		ldr	r3, [r3, #24]
  54 001a 03F04003 		and	r3, r3, #64
  55 001e 0193     		str	r3, [sp, #4]
  56 0020 019B     		ldr	r3, [sp, #4]
  57              	.LBE4:
 151:Src/main.c    **** 
 152:Src/main.c    ****   /*Configure GPIO pin Output Level */
 153:Src/main.c    ****   HAL_GPIO_WritePin(GPIOE, GPIO_PIN_5, GPIO_PIN_RESET);
  58              		.loc 1 153 0
  59 0022 0E4D     		ldr	r5, .L3+4
  60 0024 2246     		mov	r2, r4
  61 0026 2021     		movs	r1, #32
  62 0028 2846     		mov	r0, r5
  63 002a FFF7FEFF 		bl	HAL_GPIO_WritePin
  64              	.LVL0:
 154:Src/main.c    **** 
 155:Src/main.c    ****   /*Configure GPIO pin : PE4 */
 156:Src/main.c    ****   GPIO_InitStruct.Pin = GPIO_PIN_4;
  65              		.loc 1 156 0
  66 002e 1023     		movs	r3, #16
  67 0030 0293     		str	r3, [sp, #8]
 157:Src/main.c    ****   GPIO_InitStruct.Mode = GPIO_MODE_INPUT;
  68              		.loc 1 157 0
  69 0032 0394     		str	r4, [sp, #12]
 158:Src/main.c    ****   GPIO_InitStruct.Pull = GPIO_PULLUP;
  70              		.loc 1 158 0
  71 0034 0126     		movs	r6, #1
ARM GAS  /var/folders/dv/rmwv5dbs4b703h_lvs531f700000gp/T//ccuAsKHX.s 			page 5


  72 0036 0496     		str	r6, [sp, #16]
 159:Src/main.c    ****   HAL_GPIO_Init(GPIOE, &GPIO_InitStruct);
  73              		.loc 1 159 0
  74 0038 02A9     		add	r1, sp, #8
  75 003a 2846     		mov	r0, r5
  76 003c FFF7FEFF 		bl	HAL_GPIO_Init
  77              	.LVL1:
 160:Src/main.c    **** 
 161:Src/main.c    ****   /*Configure GPIO pin : PE5 */
 162:Src/main.c    ****   GPIO_InitStruct.Pin = GPIO_PIN_5;
  78              		.loc 1 162 0
  79 0040 2023     		movs	r3, #32
  80 0042 0293     		str	r3, [sp, #8]
 163:Src/main.c    ****   GPIO_InitStruct.Mode = GPIO_MODE_OUTPUT_PP;
  81              		.loc 1 163 0
  82 0044 0396     		str	r6, [sp, #12]
 164:Src/main.c    ****   GPIO_InitStruct.Pull = GPIO_NOPULL;
  83              		.loc 1 164 0
  84 0046 0494     		str	r4, [sp, #16]
 165:Src/main.c    ****   GPIO_InitStruct.Speed = GPIO_SPEED_FREQ_LOW;
  85              		.loc 1 165 0
  86 0048 0223     		movs	r3, #2
  87 004a 0593     		str	r3, [sp, #20]
 166:Src/main.c    ****   HAL_GPIO_Init(GPIOE, &GPIO_InitStruct);
  88              		.loc 1 166 0
  89 004c 02A9     		add	r1, sp, #8
  90 004e 2846     		mov	r0, r5
  91 0050 FFF7FEFF 		bl	HAL_GPIO_Init
  92              	.LVL2:
 167:Src/main.c    **** 
 168:Src/main.c    **** }
  93              		.loc 1 168 0
  94 0054 06B0     		add	sp, sp, #24
  95              	.LCFI2:
  96              		.cfi_def_cfa_offset 16
  97              		@ sp needed
  98 0056 70BD     		pop	{r4, r5, r6, pc}
  99              	.L4:
 100              		.align	2
 101              	.L3:
 102 0058 00100240 		.word	1073876992
 103 005c 00180140 		.word	1073813504
 104              		.cfi_endproc
 105              	.LFE67:
 107              		.section	.text.Error_Handler,"ax",%progbits
 108              		.align	2
 109              		.global	Error_Handler
 110              		.thumb
 111              		.thumb_func
 113              	Error_Handler:
 114              	.LFB68:
 169:Src/main.c    **** 
 170:Src/main.c    **** /* USER CODE BEGIN 4 */
 171:Src/main.c    **** 
 172:Src/main.c    **** /* USER CODE END 4 */
 173:Src/main.c    **** 
 174:Src/main.c    **** /**
ARM GAS  /var/folders/dv/rmwv5dbs4b703h_lvs531f700000gp/T//ccuAsKHX.s 			page 6


 175:Src/main.c    ****   * @brief  This function is executed in case of error occurrence.
 176:Src/main.c    ****   * @retval None
 177:Src/main.c    ****   */
 178:Src/main.c    **** void Error_Handler(void)
 179:Src/main.c    **** {
 115              		.loc 1 179 0
 116              		.cfi_startproc
 117              		@ Volatile: function does not return.
 118              		@ args = 0, pretend = 0, frame = 0
 119              		@ frame_needed = 0, uses_anonymous_args = 0
 120              		@ link register save eliminated.
 121              	.LBB5:
 122              	.LBB6:
 123              		.file 2 "Drivers/CMSIS/Include/cmsis_gcc.h"
   1:Drivers/CMSIS/Include/cmsis_gcc.h **** /**************************************************************************//**
   2:Drivers/CMSIS/Include/cmsis_gcc.h ****  * @file     cmsis_gcc.h
   3:Drivers/CMSIS/Include/cmsis_gcc.h ****  * @brief    CMSIS compiler GCC header file
   4:Drivers/CMSIS/Include/cmsis_gcc.h ****  * @version  V5.0.4
   5:Drivers/CMSIS/Include/cmsis_gcc.h ****  * @date     09. April 2018
   6:Drivers/CMSIS/Include/cmsis_gcc.h ****  ******************************************************************************/
   7:Drivers/CMSIS/Include/cmsis_gcc.h **** /*
   8:Drivers/CMSIS/Include/cmsis_gcc.h ****  * Copyright (c) 2009-2018 Arm Limited. All rights reserved.
   9:Drivers/CMSIS/Include/cmsis_gcc.h ****  *
  10:Drivers/CMSIS/Include/cmsis_gcc.h ****  * SPDX-License-Identifier: Apache-2.0
  11:Drivers/CMSIS/Include/cmsis_gcc.h ****  *
  12:Drivers/CMSIS/Include/cmsis_gcc.h ****  * Licensed under the Apache License, Version 2.0 (the License); you may
  13:Drivers/CMSIS/Include/cmsis_gcc.h ****  * not use this file except in compliance with the License.
  14:Drivers/CMSIS/Include/cmsis_gcc.h ****  * You may obtain a copy of the License at
  15:Drivers/CMSIS/Include/cmsis_gcc.h ****  *
  16:Drivers/CMSIS/Include/cmsis_gcc.h ****  * www.apache.org/licenses/LICENSE-2.0
  17:Drivers/CMSIS/Include/cmsis_gcc.h ****  *
  18:Drivers/CMSIS/Include/cmsis_gcc.h ****  * Unless required by applicable law or agreed to in writing, software
  19:Drivers/CMSIS/Include/cmsis_gcc.h ****  * distributed under the License is distributed on an AS IS BASIS, WITHOUT
  20:Drivers/CMSIS/Include/cmsis_gcc.h ****  * WARRANTIES OR CONDITIONS OF ANY KIND, either express or implied.
  21:Drivers/CMSIS/Include/cmsis_gcc.h ****  * See the License for the specific language governing permissions and
  22:Drivers/CMSIS/Include/cmsis_gcc.h ****  * limitations under the License.
  23:Drivers/CMSIS/Include/cmsis_gcc.h ****  */
  24:Drivers/CMSIS/Include/cmsis_gcc.h **** 
  25:Drivers/CMSIS/Include/cmsis_gcc.h **** #ifndef __CMSIS_GCC_H
  26:Drivers/CMSIS/Include/cmsis_gcc.h **** #define __CMSIS_GCC_H
  27:Drivers/CMSIS/Include/cmsis_gcc.h **** 
  28:Drivers/CMSIS/Include/cmsis_gcc.h **** /* ignore some GCC warnings */
  29:Drivers/CMSIS/Include/cmsis_gcc.h **** #pragma GCC diagnostic push
  30:Drivers/CMSIS/Include/cmsis_gcc.h **** #pragma GCC diagnostic ignored "-Wsign-conversion"
  31:Drivers/CMSIS/Include/cmsis_gcc.h **** #pragma GCC diagnostic ignored "-Wconversion"
  32:Drivers/CMSIS/Include/cmsis_gcc.h **** #pragma GCC diagnostic ignored "-Wunused-parameter"
  33:Drivers/CMSIS/Include/cmsis_gcc.h **** 
  34:Drivers/CMSIS/Include/cmsis_gcc.h **** /* Fallback for __has_builtin */
  35:Drivers/CMSIS/Include/cmsis_gcc.h **** #ifndef __has_builtin
  36:Drivers/CMSIS/Include/cmsis_gcc.h ****   #define __has_builtin(x) (0)
  37:Drivers/CMSIS/Include/cmsis_gcc.h **** #endif
  38:Drivers/CMSIS/Include/cmsis_gcc.h **** 
  39:Drivers/CMSIS/Include/cmsis_gcc.h **** /* CMSIS compiler specific defines */
  40:Drivers/CMSIS/Include/cmsis_gcc.h **** #ifndef   __ASM
  41:Drivers/CMSIS/Include/cmsis_gcc.h ****   #define __ASM                                  __asm
  42:Drivers/CMSIS/Include/cmsis_gcc.h **** #endif
  43:Drivers/CMSIS/Include/cmsis_gcc.h **** #ifndef   __INLINE
ARM GAS  /var/folders/dv/rmwv5dbs4b703h_lvs531f700000gp/T//ccuAsKHX.s 			page 7


  44:Drivers/CMSIS/Include/cmsis_gcc.h ****   #define __INLINE                               inline
  45:Drivers/CMSIS/Include/cmsis_gcc.h **** #endif
  46:Drivers/CMSIS/Include/cmsis_gcc.h **** #ifndef   __STATIC_INLINE
  47:Drivers/CMSIS/Include/cmsis_gcc.h ****   #define __STATIC_INLINE                        static inline
  48:Drivers/CMSIS/Include/cmsis_gcc.h **** #endif
  49:Drivers/CMSIS/Include/cmsis_gcc.h **** #ifndef   __STATIC_FORCEINLINE                 
  50:Drivers/CMSIS/Include/cmsis_gcc.h ****   #define __STATIC_FORCEINLINE                   __attribute__((always_inline)) static inline
  51:Drivers/CMSIS/Include/cmsis_gcc.h **** #endif                                           
  52:Drivers/CMSIS/Include/cmsis_gcc.h **** #ifndef   __NO_RETURN
  53:Drivers/CMSIS/Include/cmsis_gcc.h ****   #define __NO_RETURN                            __attribute__((__noreturn__))
  54:Drivers/CMSIS/Include/cmsis_gcc.h **** #endif
  55:Drivers/CMSIS/Include/cmsis_gcc.h **** #ifndef   __USED
  56:Drivers/CMSIS/Include/cmsis_gcc.h ****   #define __USED                                 __attribute__((used))
  57:Drivers/CMSIS/Include/cmsis_gcc.h **** #endif
  58:Drivers/CMSIS/Include/cmsis_gcc.h **** #ifndef   __WEAK
  59:Drivers/CMSIS/Include/cmsis_gcc.h ****   #define __WEAK                                 __attribute__((weak))
  60:Drivers/CMSIS/Include/cmsis_gcc.h **** #endif
  61:Drivers/CMSIS/Include/cmsis_gcc.h **** #ifndef   __PACKED
  62:Drivers/CMSIS/Include/cmsis_gcc.h ****   #define __PACKED                               __attribute__((packed, aligned(1)))
  63:Drivers/CMSIS/Include/cmsis_gcc.h **** #endif
  64:Drivers/CMSIS/Include/cmsis_gcc.h **** #ifndef   __PACKED_STRUCT
  65:Drivers/CMSIS/Include/cmsis_gcc.h ****   #define __PACKED_STRUCT                        struct __attribute__((packed, aligned(1)))
  66:Drivers/CMSIS/Include/cmsis_gcc.h **** #endif
  67:Drivers/CMSIS/Include/cmsis_gcc.h **** #ifndef   __PACKED_UNION
  68:Drivers/CMSIS/Include/cmsis_gcc.h ****   #define __PACKED_UNION                         union __attribute__((packed, aligned(1)))
  69:Drivers/CMSIS/Include/cmsis_gcc.h **** #endif
  70:Drivers/CMSIS/Include/cmsis_gcc.h **** #ifndef   __UNALIGNED_UINT32        /* deprecated */
  71:Drivers/CMSIS/Include/cmsis_gcc.h ****   #pragma GCC diagnostic push
  72:Drivers/CMSIS/Include/cmsis_gcc.h ****   #pragma GCC diagnostic ignored "-Wpacked"
  73:Drivers/CMSIS/Include/cmsis_gcc.h ****   #pragma GCC diagnostic ignored "-Wattributes"
  74:Drivers/CMSIS/Include/cmsis_gcc.h ****   struct __attribute__((packed)) T_UINT32 { uint32_t v; };
  75:Drivers/CMSIS/Include/cmsis_gcc.h ****   #pragma GCC diagnostic pop
  76:Drivers/CMSIS/Include/cmsis_gcc.h ****   #define __UNALIGNED_UINT32(x)                  (((struct T_UINT32 *)(x))->v)
  77:Drivers/CMSIS/Include/cmsis_gcc.h **** #endif
  78:Drivers/CMSIS/Include/cmsis_gcc.h **** #ifndef   __UNALIGNED_UINT16_WRITE
  79:Drivers/CMSIS/Include/cmsis_gcc.h ****   #pragma GCC diagnostic push
  80:Drivers/CMSIS/Include/cmsis_gcc.h ****   #pragma GCC diagnostic ignored "-Wpacked"
  81:Drivers/CMSIS/Include/cmsis_gcc.h ****   #pragma GCC diagnostic ignored "-Wattributes"
  82:Drivers/CMSIS/Include/cmsis_gcc.h ****   __PACKED_STRUCT T_UINT16_WRITE { uint16_t v; };
  83:Drivers/CMSIS/Include/cmsis_gcc.h ****   #pragma GCC diagnostic pop
  84:Drivers/CMSIS/Include/cmsis_gcc.h ****   #define __UNALIGNED_UINT16_WRITE(addr, val)    (void)((((struct T_UINT16_WRITE *)(void *)(addr))-
  85:Drivers/CMSIS/Include/cmsis_gcc.h **** #endif
  86:Drivers/CMSIS/Include/cmsis_gcc.h **** #ifndef   __UNALIGNED_UINT16_READ
  87:Drivers/CMSIS/Include/cmsis_gcc.h ****   #pragma GCC diagnostic push
  88:Drivers/CMSIS/Include/cmsis_gcc.h ****   #pragma GCC diagnostic ignored "-Wpacked"
  89:Drivers/CMSIS/Include/cmsis_gcc.h ****   #pragma GCC diagnostic ignored "-Wattributes"
  90:Drivers/CMSIS/Include/cmsis_gcc.h ****   __PACKED_STRUCT T_UINT16_READ { uint16_t v; };
  91:Drivers/CMSIS/Include/cmsis_gcc.h ****   #pragma GCC diagnostic pop
  92:Drivers/CMSIS/Include/cmsis_gcc.h ****   #define __UNALIGNED_UINT16_READ(addr)          (((const struct T_UINT16_READ *)(const void *)(add
  93:Drivers/CMSIS/Include/cmsis_gcc.h **** #endif
  94:Drivers/CMSIS/Include/cmsis_gcc.h **** #ifndef   __UNALIGNED_UINT32_WRITE
  95:Drivers/CMSIS/Include/cmsis_gcc.h ****   #pragma GCC diagnostic push
  96:Drivers/CMSIS/Include/cmsis_gcc.h ****   #pragma GCC diagnostic ignored "-Wpacked"
  97:Drivers/CMSIS/Include/cmsis_gcc.h ****   #pragma GCC diagnostic ignored "-Wattributes"
  98:Drivers/CMSIS/Include/cmsis_gcc.h ****   __PACKED_STRUCT T_UINT32_WRITE { uint32_t v; };
  99:Drivers/CMSIS/Include/cmsis_gcc.h ****   #pragma GCC diagnostic pop
 100:Drivers/CMSIS/Include/cmsis_gcc.h ****   #define __UNALIGNED_UINT32_WRITE(addr, val)    (void)((((struct T_UINT32_WRITE *)(void *)(addr))-
ARM GAS  /var/folders/dv/rmwv5dbs4b703h_lvs531f700000gp/T//ccuAsKHX.s 			page 8


 101:Drivers/CMSIS/Include/cmsis_gcc.h **** #endif
 102:Drivers/CMSIS/Include/cmsis_gcc.h **** #ifndef   __UNALIGNED_UINT32_READ
 103:Drivers/CMSIS/Include/cmsis_gcc.h ****   #pragma GCC diagnostic push
 104:Drivers/CMSIS/Include/cmsis_gcc.h ****   #pragma GCC diagnostic ignored "-Wpacked"
 105:Drivers/CMSIS/Include/cmsis_gcc.h ****   #pragma GCC diagnostic ignored "-Wattributes"
 106:Drivers/CMSIS/Include/cmsis_gcc.h ****   __PACKED_STRUCT T_UINT32_READ { uint32_t v; };
 107:Drivers/CMSIS/Include/cmsis_gcc.h ****   #pragma GCC diagnostic pop
 108:Drivers/CMSIS/Include/cmsis_gcc.h ****   #define __UNALIGNED_UINT32_READ(addr)          (((const struct T_UINT32_READ *)(const void *)(add
 109:Drivers/CMSIS/Include/cmsis_gcc.h **** #endif
 110:Drivers/CMSIS/Include/cmsis_gcc.h **** #ifndef   __ALIGNED
 111:Drivers/CMSIS/Include/cmsis_gcc.h ****   #define __ALIGNED(x)                           __attribute__((aligned(x)))
 112:Drivers/CMSIS/Include/cmsis_gcc.h **** #endif
 113:Drivers/CMSIS/Include/cmsis_gcc.h **** #ifndef   __RESTRICT
 114:Drivers/CMSIS/Include/cmsis_gcc.h ****   #define __RESTRICT                             __restrict
 115:Drivers/CMSIS/Include/cmsis_gcc.h **** #endif
 116:Drivers/CMSIS/Include/cmsis_gcc.h **** 
 117:Drivers/CMSIS/Include/cmsis_gcc.h **** 
 118:Drivers/CMSIS/Include/cmsis_gcc.h **** /* ###########################  Core Function Access  ########################### */
 119:Drivers/CMSIS/Include/cmsis_gcc.h **** /** \ingroup  CMSIS_Core_FunctionInterface
 120:Drivers/CMSIS/Include/cmsis_gcc.h ****     \defgroup CMSIS_Core_RegAccFunctions CMSIS Core Register Access Functions
 121:Drivers/CMSIS/Include/cmsis_gcc.h ****   @{
 122:Drivers/CMSIS/Include/cmsis_gcc.h ****  */
 123:Drivers/CMSIS/Include/cmsis_gcc.h **** 
 124:Drivers/CMSIS/Include/cmsis_gcc.h **** /**
 125:Drivers/CMSIS/Include/cmsis_gcc.h ****   \brief   Enable IRQ Interrupts
 126:Drivers/CMSIS/Include/cmsis_gcc.h ****   \details Enables IRQ interrupts by clearing the I-bit in the CPSR.
 127:Drivers/CMSIS/Include/cmsis_gcc.h ****            Can only be executed in Privileged modes.
 128:Drivers/CMSIS/Include/cmsis_gcc.h ****  */
 129:Drivers/CMSIS/Include/cmsis_gcc.h **** __STATIC_FORCEINLINE void __enable_irq(void)
 130:Drivers/CMSIS/Include/cmsis_gcc.h **** {
 131:Drivers/CMSIS/Include/cmsis_gcc.h ****   __ASM volatile ("cpsie i" : : : "memory");
 132:Drivers/CMSIS/Include/cmsis_gcc.h **** }
 133:Drivers/CMSIS/Include/cmsis_gcc.h **** 
 134:Drivers/CMSIS/Include/cmsis_gcc.h **** 
 135:Drivers/CMSIS/Include/cmsis_gcc.h **** /**
 136:Drivers/CMSIS/Include/cmsis_gcc.h ****   \brief   Disable IRQ Interrupts
 137:Drivers/CMSIS/Include/cmsis_gcc.h ****   \details Disables IRQ interrupts by setting the I-bit in the CPSR.
 138:Drivers/CMSIS/Include/cmsis_gcc.h ****            Can only be executed in Privileged modes.
 139:Drivers/CMSIS/Include/cmsis_gcc.h ****  */
 140:Drivers/CMSIS/Include/cmsis_gcc.h **** __STATIC_FORCEINLINE void __disable_irq(void)
 141:Drivers/CMSIS/Include/cmsis_gcc.h **** {
 142:Drivers/CMSIS/Include/cmsis_gcc.h ****   __ASM volatile ("cpsid i" : : : "memory");
 124              		.loc 2 142 0
 125              		.syntax unified
 126              	@ 142 "Drivers/CMSIS/Include/cmsis_gcc.h" 1
 127 0000 72B6     		cpsid i
 128              	@ 0 "" 2
 129              		.thumb
 130              		.syntax unified
 131              	.L6:
 132 0002 FEE7     		b	.L6
 133              	.LBE6:
 134              	.LBE5:
 135              		.cfi_endproc
 136              	.LFE68:
 138              		.section	.text.SystemClock_Config,"ax",%progbits
 139              		.align	2
ARM GAS  /var/folders/dv/rmwv5dbs4b703h_lvs531f700000gp/T//ccuAsKHX.s 			page 9


 140              		.global	SystemClock_Config
 141              		.thumb
 142              		.thumb_func
 144              	SystemClock_Config:
 145              	.LFB66:
 110:Src/main.c    ****   RCC_OscInitTypeDef RCC_OscInitStruct = {0};
 146              		.loc 1 110 0
 147              		.cfi_startproc
 148              		@ args = 0, pretend = 0, frame = 64
 149              		@ frame_needed = 0, uses_anonymous_args = 0
 150 0000 00B5     		push	{lr}
 151              	.LCFI3:
 152              		.cfi_def_cfa_offset 4
 153              		.cfi_offset 14, -4
 154 0002 91B0     		sub	sp, sp, #68
 155              	.LCFI4:
 156              		.cfi_def_cfa_offset 72
 111:Src/main.c    ****   RCC_ClkInitTypeDef RCC_ClkInitStruct = {0};
 157              		.loc 1 111 0
 158 0004 2822     		movs	r2, #40
 159 0006 0021     		movs	r1, #0
 160 0008 06A8     		add	r0, sp, #24
 161 000a FFF7FEFF 		bl	memset
 162              	.LVL3:
 112:Src/main.c    **** 
 163              		.loc 1 112 0
 164 000e 0023     		movs	r3, #0
 165 0010 0193     		str	r3, [sp, #4]
 166 0012 0293     		str	r3, [sp, #8]
 167 0014 0393     		str	r3, [sp, #12]
 168 0016 0493     		str	r3, [sp, #16]
 169 0018 0593     		str	r3, [sp, #20]
 117:Src/main.c    ****   RCC_OscInitStruct.HSIState = RCC_HSI_ON;
 170              		.loc 1 117 0
 171 001a 0223     		movs	r3, #2
 172 001c 0693     		str	r3, [sp, #24]
 118:Src/main.c    ****   RCC_OscInitStruct.HSICalibrationValue = RCC_HSICALIBRATION_DEFAULT;
 173              		.loc 1 118 0
 174 001e 0123     		movs	r3, #1
 175 0020 0A93     		str	r3, [sp, #40]
 119:Src/main.c    ****   RCC_OscInitStruct.PLL.PLLState = RCC_PLL_NONE;
 176              		.loc 1 119 0
 177 0022 1023     		movs	r3, #16
 178 0024 0B93     		str	r3, [sp, #44]
 121:Src/main.c    ****   {
 179              		.loc 1 121 0
 180 0026 06A8     		add	r0, sp, #24
 181 0028 FFF7FEFF 		bl	HAL_RCC_OscConfig
 182              	.LVL4:
 183 002c 08B1     		cbz	r0, .L8
 123:Src/main.c    ****   }
 184              		.loc 1 123 0
 185 002e FFF7FEFF 		bl	Error_Handler
 186              	.LVL5:
 187              	.L8:
 127:Src/main.c    ****                               |RCC_CLOCKTYPE_PCLK1|RCC_CLOCKTYPE_PCLK2;
 188              		.loc 1 127 0
ARM GAS  /var/folders/dv/rmwv5dbs4b703h_lvs531f700000gp/T//ccuAsKHX.s 			page 10


 189 0032 0F23     		movs	r3, #15
 190 0034 0193     		str	r3, [sp, #4]
 129:Src/main.c    ****   RCC_ClkInitStruct.AHBCLKDivider = RCC_SYSCLK_DIV1;
 191              		.loc 1 129 0
 192 0036 0021     		movs	r1, #0
 193 0038 0291     		str	r1, [sp, #8]
 130:Src/main.c    ****   RCC_ClkInitStruct.APB1CLKDivider = RCC_HCLK_DIV1;
 194              		.loc 1 130 0
 195 003a 0391     		str	r1, [sp, #12]
 131:Src/main.c    ****   RCC_ClkInitStruct.APB2CLKDivider = RCC_HCLK_DIV1;
 196              		.loc 1 131 0
 197 003c 0491     		str	r1, [sp, #16]
 132:Src/main.c    **** 
 198              		.loc 1 132 0
 199 003e 0591     		str	r1, [sp, #20]
 134:Src/main.c    ****   {
 200              		.loc 1 134 0
 201 0040 01A8     		add	r0, sp, #4
 202 0042 FFF7FEFF 		bl	HAL_RCC_ClockConfig
 203              	.LVL6:
 204 0046 08B1     		cbz	r0, .L7
 136:Src/main.c    ****   }
 205              		.loc 1 136 0
 206 0048 FFF7FEFF 		bl	Error_Handler
 207              	.LVL7:
 208              	.L7:
 138:Src/main.c    **** 
 209              		.loc 1 138 0
 210 004c 11B0     		add	sp, sp, #68
 211              	.LCFI5:
 212              		.cfi_def_cfa_offset 4
 213              		@ sp needed
 214 004e 5DF804FB 		ldr	pc, [sp], #4
 215              		.cfi_endproc
 216              	.LFE66:
 218 0052 00BF     		.section	.text.main,"ax",%progbits
 219              		.align	2
 220              		.global	main
 221              		.thumb
 222              		.thumb_func
 224              	main:
 225              	.LFB65:
  67:Src/main.c    ****   /* USER CODE BEGIN 1 */
 226              		.loc 1 67 0
 227              		.cfi_startproc
 228              		@ args = 0, pretend = 0, frame = 8
 229              		@ frame_needed = 0, uses_anonymous_args = 0
 230 0000 00B5     		push	{lr}
 231              	.LCFI6:
 232              		.cfi_def_cfa_offset 4
 233              		.cfi_offset 14, -4
 234 0002 83B0     		sub	sp, sp, #12
 235              	.LCFI7:
 236              		.cfi_def_cfa_offset 16
  75:Src/main.c    **** 
 237              		.loc 1 75 0
 238 0004 FFF7FEFF 		bl	HAL_Init
ARM GAS  /var/folders/dv/rmwv5dbs4b703h_lvs531f700000gp/T//ccuAsKHX.s 			page 11


 239              	.LVL8:
  82:Src/main.c    **** 
 240              		.loc 1 82 0
 241 0008 FFF7FEFF 		bl	SystemClock_Config
 242              	.LVL9:
  89:Src/main.c    ****   /* USER CODE BEGIN 2 */
 243              		.loc 1 89 0
 244 000c FFF7FEFF 		bl	MX_GPIO_Init
 245              	.LVL10:
  97:Src/main.c    ****   while (1)
 246              		.loc 1 97 0
 247 0010 0122     		movs	r2, #1
 248 0012 0021     		movs	r1, #0
 249 0014 0846     		mov	r0, r1
 250 0016 FFF7FEFF 		bl	js_newstate
 251              	.LVL11:
 252              	.L12:
 100:Src/main.c    ****   }
 253              		.loc 1 100 0 discriminator 1
 254 001a 01A8     		add	r0, sp, #4
 255 001c FFF7FEFF 		bl	Seek_GPIO
 256              	.LVL12:
 257 0020 FBE7     		b	.L12
 258              		.cfi_endproc
 259              	.LFE65:
 261 0022 00BF     		.text
 262              	.Letext0:
 263              		.file 3 "/Users/bytedance/Documents/STM32/gcc-arm-none-eabi-5_4-2016q3/arm-none-eabi/include/machi
 264              		.file 4 "/Users/bytedance/Documents/STM32/gcc-arm-none-eabi-5_4-2016q3/arm-none-eabi/include/sys/_
 265              		.file 5 "Drivers/CMSIS/Device/ST/STM32F1xx/Include/stm32f103xe.h"
 266              		.file 6 "Drivers/STM32F1xx_HAL_Driver/Inc/stm32f1xx_hal_rcc.h"
 267              		.file 7 "Drivers/STM32F1xx_HAL_Driver/Inc/stm32f1xx_hal_rcc_ex.h"
 268              		.file 8 "Drivers/STM32F1xx_HAL_Driver/Inc/stm32f1xx_hal_gpio.h"
 269              		.file 9 "Drivers/STM32F1xx_HAL_Driver/Inc/stm32f1xx_hal_def.h"
 270              		.file 10 "Inc/mujs.h"
 271              		.file 11 "Drivers/STM32F1xx_HAL_Driver/Inc/stm32f1xx_hal.h"
 272              		.file 12 "Inc/key.h"
 273              		.file 13 "Drivers/CMSIS/Include/core_cm3.h"
ARM GAS  /var/folders/dv/rmwv5dbs4b703h_lvs531f700000gp/T//ccuAsKHX.s 			page 12


DEFINED SYMBOLS
                            *ABS*:0000000000000000 main.c
/var/folders/dv/rmwv5dbs4b703h_lvs531f700000gp/T//ccuAsKHX.s:20     .text.MX_GPIO_Init:0000000000000000 $t
/var/folders/dv/rmwv5dbs4b703h_lvs531f700000gp/T//ccuAsKHX.s:24     .text.MX_GPIO_Init:0000000000000000 MX_GPIO_Init
/var/folders/dv/rmwv5dbs4b703h_lvs531f700000gp/T//ccuAsKHX.s:102    .text.MX_GPIO_Init:0000000000000058 $d
/var/folders/dv/rmwv5dbs4b703h_lvs531f700000gp/T//ccuAsKHX.s:108    .text.Error_Handler:0000000000000000 $t
/var/folders/dv/rmwv5dbs4b703h_lvs531f700000gp/T//ccuAsKHX.s:113    .text.Error_Handler:0000000000000000 Error_Handler
/var/folders/dv/rmwv5dbs4b703h_lvs531f700000gp/T//ccuAsKHX.s:139    .text.SystemClock_Config:0000000000000000 $t
/var/folders/dv/rmwv5dbs4b703h_lvs531f700000gp/T//ccuAsKHX.s:144    .text.SystemClock_Config:0000000000000000 SystemClock_Config
/var/folders/dv/rmwv5dbs4b703h_lvs531f700000gp/T//ccuAsKHX.s:219    .text.main:0000000000000000 $t
/var/folders/dv/rmwv5dbs4b703h_lvs531f700000gp/T//ccuAsKHX.s:224    .text.main:0000000000000000 main
                     .debug_frame:0000000000000010 $d

UNDEFINED SYMBOLS
HAL_GPIO_WritePin
HAL_GPIO_Init
memset
HAL_RCC_OscConfig
HAL_RCC_ClockConfig
HAL_Init
js_newstate
Seek_GPIO
